#
# A fatal error has been detected by the Java Runtime Environment:
#
#  EXCEPTION_ACCESS_VIOLATION (0xc0000005) at pc=0x0000000056ba81c5, pid=12712, tid=12024
#
# JRE version: Java(TM) SE Runtime Environment (8.0_51-b16) (build 1.8.0_51-b16)
# Java VM: Java HotSpot(TM) 64-Bit Server VM (25.51-b03 mixed mode windows-amd64 compressed oops)
# Problematic frame:
# V  [jvm.dll+0x1281c5]
#
# Failed to write core dump. Minidumps are not enabled by default on client versions of Windows
#
# If you would like to submit a bug report, please visit:
#   http://bugreport.java.com/bugreport/crash.jsp
#

---------------  T H R E A D  ---------------

Current thread (0x0000000015b0f800):  JavaThread "JDWP Transport Listener: dt_socket" daemon [_thread_in_vm, id=12024, stack(0x00000000173a0000,0x00000000174a0000)]

siginfo: ExceptionCode=0xc0000005, reading address 0xffffffffffffffff

Registers:
RAX=0x000000001749f201, RBX=0x0000000015b0f800, RCX=0x6e616c2f6176616a, RDX=0x0000000000000000
RSP=0x000000001749f210, RBP=0x6e616c2f6176616a, RSI=0x000000001749f328, RDI=0x0000000000778460
R8 =0x0000000015b0f800, R9 =0x0000000000000000, R10=0x0000000000000000, R11=0x0000000000000064
R12=0x0000000000000000, R13=0x0000000015b06db8, R14=0x0000000000000000, R15=0x0000000000000000
RIP=0x0000000056ba81c5, EFLAGS=0x0000000000010206

Top of Stack: (sp=0x000000001749f210)
0x000000001749f210:   0000000015b0f800 0000000015b0f800
0x000000001749f220:   000000001749f2d8 0000000056dac72b
0x000000001749f230:   0000000015b0f800 0000000056dc8f8d
0x000000001749f240:   0000000000000000 00000000569e9155
0x000000001749f250:   0000000017a125d0 00000000569f291e
0x000000001749f260:   0000000015b0f800 0000000000000000
0x000000001749f270:   0000000000000000 0000000000000000
0x000000001749f280:   6e616c2f6176616a 00000000569f1a15
0x000000001749f290:   000000001749f328 000000001749f300
0x000000001749f2a0:   0000000000000001 0000000017a125d0
0x000000001749f2b0:   6e616c2f6176616a 00000000569d53b3
0x000000001749f2c0:   000000001749f3f0 0000000000000001
0x000000001749f2d0:   0000000000000001 0000000017a125d0
0x000000001749f2e0:   0000000000000009 0000000000000000
0x000000001749f2f0:   0000000000000000 0000000000000000
0x000000001749f300:   0000000000000001 00000000569d5571 

Instructions: (pc=0x0000000056ba81c5)
0x0000000056ba81a5:   cc cc cc cc cc cc cc cc cc cc cc 48 83 ec 28 48
0x0000000056ba81b5:   85 c9 75 07 33 c0 48 83 c4 28 c3 48 89 5c 24 20
0x0000000056ba81c5:   48 8b 19 48 85 db 74 20 48 83 fb 37 74 1a 48 8b
0x0000000056ba81d5:   13 48 8b cb ff 52 10 84 c0 74 0d 48 8b c3 48 8b 


Register to memory mapping:

RAX=0x000000001749f201 is pointing into the stack for thread: 0x0000000015b0f800
RBX=0x0000000015b0f800 is a thread
RCX=0x6e616c2f6176616a is an unknown value
RDX=0x0000000000000000 is an unknown value
RSP=0x000000001749f210 is pointing into the stack for thread: 0x0000000015b0f800
RBP=0x6e616c2f6176616a is an unknown value
RSI=0x000000001749f328 is pointing into the stack for thread: 0x0000000015b0f800
RDI=0x0000000000778460 is an unknown value
R8 =0x0000000015b0f800 is a thread
R9 =0x0000000000000000 is an unknown value
R10=0x0000000000000000 is an unknown value
R11=0x0000000000000064 is an unknown value
R12=0x0000000000000000 is an unknown value
R13=0x0000000015b06db8 is an unknown value
R14=0x0000000000000000 is an unknown value
R15=0x0000000000000000 is an unknown value


Stack: [0x00000000173a0000,0x00000000174a0000],  sp=0x000000001749f210,  free space=1020k
Native frames: (J=compiled Java code, j=interpreted, Vv=VM code, C=native code)
V  [jvm.dll+0x1281c5]
V  [jvm.dll+0x348f8d]
C  [jdwp.dll+0x21a15]
C  [jdwp.dll+0x53b3]
C  [jdwp.dll+0x5571]
C  [jdwp.dll+0xf0a8]
C  [jdwp.dll+0x1f2d5]
C  [jdwp.dll+0x1f4aa]
V  [jvm.dll+0x1bae78]
V  [jvm.dll+0x2418a4]
V  [jvm.dll+0x29846a]
C  [msvcr100.dll+0x21d9f]
C  [msvcr100.dll+0x21e3b]
C  [KERNEL32.DLL+0x12d92]
C  [ntdll.dll+0x9f64]


---------------  P R O C E S S  ---------------

Java Threads: ( => current thread )
  0x0000000015b5e800 JavaThread "Service Thread" daemon [_thread_blocked, id=9812, stack(0x0000000017da0000,0x0000000017ea0000)]
  0x0000000015b2c000 JavaThread "C1 CompilerThread2" daemon [_thread_blocked, id=3708, stack(0x00000000178a0000,0x00000000179a0000)]
  0x0000000015b26800 JavaThread "C2 CompilerThread1" daemon [_thread_blocked, id=11872, stack(0x00000000177a0000,0x00000000178a0000)]
  0x0000000015b23000 JavaThread "C2 CompilerThread0" daemon [_thread_blocked, id=10056, stack(0x00000000176a0000,0x00000000177a0000)]
  0x0000000015b17000 JavaThread "JDWP Command Reader" daemon [_thread_in_native, id=14328, stack(0x00000000175a0000,0x00000000176a0000)]
  0x0000000015b14000 JavaThread "JDWP Event Helper Thread" daemon [_thread_blocked, id=11340, stack(0x00000000174a0000,0x00000000175a0000)]
=>0x0000000015b0f800 JavaThread "JDWP Transport Listener: dt_socket" daemon [_thread_in_vm, id=12024, stack(0x00000000173a0000,0x00000000174a0000)]
  0x0000000015afc800 JavaThread "Attach Listener" daemon [_thread_blocked, id=2248, stack(0x0000000016f60000,0x0000000017060000)]
  0x0000000015afb800 JavaThread "Signal Dispatcher" daemon [_thread_blocked, id=6632, stack(0x0000000016e60000,0x0000000016f60000)]
  0x0000000000977800 JavaThread "Finalizer" daemon [_thread_blocked, id=12900, stack(0x0000000016d60000,0x0000000016e60000)]
  0x000000000096f000 JavaThread "Reference Handler" daemon [_thread_blocked, id=4528, stack(0x0000000016c60000,0x0000000016d60000)]
  0x000000000077e000 JavaThread "main" [_thread_blocked, id=13768, stack(0x0000000000780000,0x0000000000880000)]

Other Threads:
  0x0000000015ac8000 VMThread [stack: 0x0000000016b60000,0x0000000016c60000] [id=5020]
  0x0000000017a01800 WatcherThread [stack: 0x0000000017ea0000,0x0000000017fa0000] [id=11680]

VM state:not at safepoint (normal execution)

VM Mutex/Monitor currently owned by a thread: None

Heap:
 PSYoungGen      total 28672K, used 2457K [0x00000000e0600000, 0x00000000e2600000, 0x0000000100000000)
  eden space 24576K, 10% used [0x00000000e0600000,0x00000000e08667a8,0x00000000e1e00000)
  from space 4096K, 0% used [0x00000000e2200000,0x00000000e2200000,0x00000000e2600000)
  to   space 4096K, 0% used [0x00000000e1e00000,0x00000000e1e00000,0x00000000e2200000)
 ParOldGen       total 65536K, used 0K [0x00000000a1200000, 0x00000000a5200000, 0x00000000e0600000)
  object space 65536K, 0% used [0x00000000a1200000,0x00000000a1200000,0x00000000a5200000)
 Metaspace       used 3725K, capacity 4940K, committed 5120K, reserved 1056768K
  class space    used 402K, capacity 436K, committed 512K, reserved 1048576K

Card table byte_map: [0x00000000117f0000,0x0000000011af0000] byte_map_base: 0x00000000112e7000

Marking Bits: (ParMarkBitMap*) 0x0000000057284040
 Begin Bits: [0x0000000011ef0000, 0x00000000136a8000)
 End Bits:   [0x00000000136a8000, 0x0000000014e60000)

Polling page: 0x00000000006d0000

CodeCache: size=245760Kb used=1219Kb max_used=1219Kb free=244540Kb
 bounds [0x0000000002430000, 0x00000000026a0000, 0x0000000011430000]
 total_blobs=309 nmethods=67 adapters=163
 compilation: enabled

Compilation events (10 events):
Event: 0.325 Thread 0x0000000015b2c000   62       1       java.lang.String::length (6 bytes)
Event: 0.325 Thread 0x0000000015b2c000 nmethod 62 0x000000000255ff50 code [0x00000000025600a0, 0x00000000025601b0]
Event: 0.326 Thread 0x0000000015b2c000   63       3       java.lang.StringBuilder::toString (17 bytes)
Event: 0.326 Thread 0x0000000015b2c000 nmethod 63 0x0000000002560250 code [0x00000000025603c0, 0x00000000025605c8]
Event: 6.500 Thread 0x0000000015b2c000   64       3       java.util.concurrent.ConcurrentHashMap::setTabAt (19 bytes)
Event: 6.501 Thread 0x0000000015b2c000 nmethod 64 0x0000000002560a50 code [0x0000000002560ba0, 0x0000000002560d10]
Event: 6.501 Thread 0x0000000015b2c000   66       1       java.nio.Buffer::limit (5 bytes)
Event: 6.501 Thread 0x0000000015b2c000 nmethod 66 0x0000000002560d90 code [0x0000000002560ee0, 0x0000000002560ff0]
Event: 6.501 Thread 0x0000000015b2c000   67       1       java.lang.ref.Reference::get (5 bytes)
Event: 6.501 Thread 0x0000000015b2c000 nmethod 67 0x0000000002561050 code [0x00000000025611a0, 0x00000000025612b0]

GC Heap History (0 events):
No events

Deoptimization events (0 events):
No events

Internal exceptions (6 events):
Event: 0.046 Thread 0x000000000077e000 Exception <a 'java/lang/NoSuchMethodError': Method sun.misc.Unsafe.defineClass(Ljava/lang/String;[BII)Ljava/lang/Class; name or signature does not match> (0x00000000e060d408) thrown at [C:\re\workspace\8-2-build-windows-amd64-cygwin\jdk8u51\3951\hotspot\srž›‰ÿ½§?
Event: 0.046 Thread 0x000000000077e000 Exception <a 'java/lang/NoSuchMethodError': Method sun.misc.Unsafe.prefetchRead(Ljava/lang/Object;J)V name or signature does not match> (0x00000000e060d698) thrown at [C:\re\workspace\8-2-build-windows-amd64-cygwin\jdk8u51\3951\hotspot\src\share\vm\prims\jöHÊ¦©Ò?
Event: 0.292 Thread 0x000000000077e000 Exception <a 'java/security/PrivilegedActionException'> (0x00000000e07fdc48) thrown at [C:\re\workspace\8-2-build-windows-amd64-cygwin\jdk8u51\3951\hotspot\src\share\vm\prims\jvm.cpp, line 1382]
Event: 0.292 Thread 0x000000000077e000 Exception <a 'java/security/PrivilegedActionException'> (0x00000000e07fdf90) thrown at [C:\re\workspace\8-2-build-windows-amd64-cygwin\jdk8u51\3951\hotspot\src\share\vm\prims\jvm.cpp, line 1382]
Event: 0.293 Thread 0x000000000077e000 Exception <a 'java/security/PrivilegedActionException'> (0x00000000e0801c18) thrown at [C:\re\workspace\8-2-build-windows-amd64-cygwin\jdk8u51\3951\hotspot\src\share\vm\prims\jvm.cpp, line 1382]
Event: 0.293 Thread 0x000000000077e000 Exception <a 'java/security/PrivilegedActionException'> (0x00000000e0801f60) thrown at [C:\re\workspace\8-2-build-windows-amd64-cygwin\jdk8u51\3951\hotspot\src\share\vm\prims\jvm.cpp, line 1382]

Events (10 events):
Event: 1849.916 Executing VM operation: RedefineClasses
Event: 1849.917 Executing VM operation: RedefineClasses done
Event: 1849.930 Executing VM operation: ChangeBreakpoints
Event: 1849.930 Executing VM operation: ChangeBreakpoints done
Event: 1905.397 Executing VM operation: RedefineClasses
Event: 1905.397 Executing VM operation: RedefineClasses done
Event: 1905.405 Executing VM operation: ChangeBreakpoints
Event: 1905.405 Executing VM operation: ChangeBreakpoints done
Event: 2413.213 Executing VM operation: RedefineClasses
Event: 2413.213 Executing VM operation: RedefineClasses done


Dynamic libraries:
0x00007ff6c5f20000 - 0x00007ff6c5f57000 	C:\Program Files\Java\jre1.8.0_51\bin\javaw.exe
0x00007ffb8c630000 - 0x00007ffb8c7f1000 	C:\WINDOWS\SYSTEM32\ntdll.dll
0x00007ffb88a70000 - 0x00007ffb88b1d000 	C:\WINDOWS\system32\KERNEL32.DLL
0x00007ffb87f20000 - 0x00007ffb880fd000 	C:\WINDOWS\system32\KERNELBASE.dll
0x00007ffb88e80000 - 0x00007ffb88f26000 	C:\WINDOWS\system32\ADVAPI32.dll
0x00007ffb8ac40000 - 0x00007ffb8acdd000 	C:\WINDOWS\system32\msvcrt.dll
0x00007ffb88b80000 - 0x00007ffb88bdb000 	C:\WINDOWS\system32\sechost.dll
0x00007ffb88d50000 - 0x00007ffb88e76000 	C:\WINDOWS\system32\RPCRT4.dll
0x00007ffb88bf0000 - 0x00007ffb88d3e000 	C:\WINDOWS\system32\USER32.dll
0x00007ffb8ae30000 - 0x00007ffb8afb6000 	C:\WINDOWS\system32\GDI32.dll
0x00007ffb7a6e0000 - 0x00007ffb7a954000 	C:\WINDOWS\WinSxS\amd64_microsoft.windows.common-controls_6595b64144ccf1df_6.0.10240.16384_none_f41f7b285750ef43\COMCTL32.dll
0x00007ffb8b070000 - 0x00007ffb8b0a6000 	C:\WINDOWS\system32\IMM32.DLL
0x00007ffb88f30000 - 0x00007ffb8908c000 	C:\WINDOWS\system32\MSCTF.dll
0x00007ffb78940000 - 0x00007ffb789cd000 	C:\Program Files (x86)\AVG\AVG2015\avghooka.dll
0x00000000568c0000 - 0x0000000056992000 	C:\Program Files\Java\jre1.8.0_51\bin\msvcr100.dll
0x0000000056a80000 - 0x0000000057303000 	C:\Program Files\Java\jre1.8.0_51\bin\server\jvm.dll
0x00007ffb8b0b0000 - 0x00007ffb8b0b8000 	C:\WINDOWS\system32\PSAPI.DLL
0x00007ffb81a00000 - 0x00007ffb81a09000 	C:\WINDOWS\SYSTEM32\WSOCK32.dll
0x00007ffb8abd0000 - 0x00007ffb8ac39000 	C:\WINDOWS\system32\WS2_32.dll
0x00007ffb88d40000 - 0x00007ffb88d48000 	C:\WINDOWS\system32\NSI.dll
0x00007ffb85f50000 - 0x00007ffb85f73000 	C:\WINDOWS\SYSTEM32\WINMM.dll
0x00007ffb7cf70000 - 0x00007ffb7cf7a000 	C:\WINDOWS\SYSTEM32\VERSION.dll
0x00007ffb85f20000 - 0x00007ffb85f4c000 	C:\WINDOWS\SYSTEM32\WINMMBASE.dll
0x00007ffb88100000 - 0x00007ffb88144000 	C:\WINDOWS\system32\cfgmgr32.dll
0x00007ffb866a0000 - 0x00007ffb866c7000 	C:\WINDOWS\SYSTEM32\DEVOBJ.dll
0x0000000057730000 - 0x000000005773f000 	C:\Program Files\Java\jre1.8.0_51\bin\verify.dll
0x0000000057700000 - 0x0000000057729000 	C:\Program Files\Java\jre1.8.0_51\bin\java.dll
0x00000000569d0000 - 0x0000000056a05000 	C:\Program Files\Java\jre1.8.0_51\bin\jdwp.dll
0x00000000569c0000 - 0x00000000569c8000 	C:\Program Files\Java\jre1.8.0_51\bin\npt.dll
0x00000000576e0000 - 0x00000000576f6000 	C:\Program Files\Java\jre1.8.0_51\bin\zip.dll
0x00007ffb896a0000 - 0x00007ffb8abc1000 	C:\WINDOWS\system32\SHELL32.dll
0x00007ffb88320000 - 0x00007ffb88949000 	C:\WINDOWS\system32\windows.storage.dll
0x00007ffb893c0000 - 0x00007ffb8963c000 	C:\WINDOWS\system32\combase.dll
0x00007ffb88b20000 - 0x00007ffb88b71000 	C:\WINDOWS\system32\shlwapi.dll
0x00007ffb87e60000 - 0x00007ffb87e6f000 	C:\WINDOWS\system32\kernel.appcore.dll
0x00007ffb889b0000 - 0x00007ffb88a63000 	C:\WINDOWS\system32\shcore.dll
0x00007ffb87dd0000 - 0x00007ffb87e1a000 	C:\WINDOWS\system32\powrprof.dll
0x00007ffb87e20000 - 0x00007ffb87e33000 	C:\WINDOWS\system32\profapi.dll
0x00000000569b0000 - 0x00000000569b9000 	C:\Program Files\Java\jre1.8.0_51\bin\dt_socket.dll
0x00007ffb79120000 - 0x00007ffb79135000 	C:\WINDOWS\system32\napinsp.dll
0x00007ffb79140000 - 0x00007ffb7915a000 	C:\WINDOWS\system32\pnrpnsp.dll
0x00007ffb85400000 - 0x00007ffb85418000 	C:\WINDOWS\system32\NLAapi.dll
0x00007ffb87640000 - 0x00007ffb8769d000 	C:\WINDOWS\System32\mswsock.dll
0x00007ffb87400000 - 0x00007ffb874a8000 	C:\WINDOWS\SYSTEM32\DNSAPI.dll
0x00007ffb79180000 - 0x00007ffb7918d000 	C:\WINDOWS\System32\winrnr.dll
0x00007ffb79160000 - 0x00007ffb79175000 	C:\WINDOWS\system32\wshbth.dll
0x00007ffb82040000 - 0x00007ffb820a8000 	C:\WINDOWS\System32\fwpuclnt.dll
0x00007ffb87910000 - 0x00007ffb87938000 	C:\WINDOWS\SYSTEM32\bcrypt.dll
0x00007ffb7e510000 - 0x00007ffb7e51a000 	C:\Windows\System32\rasadhlp.dll
0x00007ffb82c60000 - 0x00007ffb82dea000 	C:\WINDOWS\SYSTEM32\dbghelp.dll

VM Arguments:
jvm_args: -agentlib:jdwp=transport=dt_socket,suspend=y,address=localhost:56435 -Dfile.encoding=UTF-8 
java_command: Proyecto.Inicio
java_class_path (initial): C:\Users\Ericka\Documents\Eclipse\Proyecto final\bin
Launcher Type: SUN_STANDARD

Environment Variables:
PATH=C:/Program Files/Java/jre1.8.0_51/bin/server;C:/Program Files/Java/jre1.8.0_51/bin;C:/Program Files/Java/jre1.8.0_51/lib/amd64;C:\ProgramData\Oracle\Java\javapath;C:\Program Files (x86)\Intel\iCLS Client\;C:\Program Files\Intel\iCLS Client\;C:\Windows\system32;C:\Windows;C:\Windows\System32\Wbem;C:\Windows\System32\WindowsPowerShell\v1.0\;C:\Program Files (x86)\Acer\abFiles\;C:\Program Files\Intel\Intel(R) Management Engine Components\DAL;C:\Program Files\Intel\Intel(R) Management Engine Components\IPT;C:\Program Files (x86)\Intel\Intel(R) Management Engine Components\DAL;C:\Program Files (x86)\Intel\Intel(R) Management Engine Components\IPT;;%SystemRoot%\system32;%SystemRoot%;%SystemRoot%\System32\Wbem;%SYSTEMROOT%\System32\WindowsPowerShell\v1.0\;C:\Users\Ericka\Downloads\eclipse-committers-mars-R-win32-x86_64\eclipse;
USERNAME=Jona
OS=Windows_NT
PROCESSOR_IDENTIFIER=Intel64 Family 6 Model 69 Stepping 1, GenuineIntel



---------------  S Y S T E M  ---------------

OS: Windows 10.0 , 64 bit Build 10240 (10.0.10240.16384)

CPU:total 4 (2 cores per cpu, 2 threads per core) family 6 model 69 stepping 1, cmov, cx8, fxsr, mmx, sse, sse2, sse3, ssse3, sse4.1, sse4.2, popcnt, avx, avx2, aes, clmul, erms, lzcnt, ht, tsc, tscinvbit, bmi1, bmi2

Memory: 4k page, physical 6212888k(2991904k free), swap 12645536k(2957372k free)

vm_info: Java HotSpot(TM) 64-Bit Server VM (25.51-b03) for windows-amd64 JRE (1.8.0_51-b16), built on Jun  8 2015 18:03:07 by "java_re" with MS VC++ 10.0 (VS2010)

time: Sat Aug 08 15:10:51 2015
elapsed time: 2413 seconds (0d 0h 40m 13s)

